{"/Users/raynastankova/Demo/demo-microservices/backend/vitest.config.js": {"path":"/Users/raynastankova/Demo/demo-microservices/backend/vitest.config.js","all":true,"statementMap":{"0":{"start":{"line":1,"column":0},"end":{"line":1,"column":45}},"2":{"start":{"line":3,"column":0},"end":{"line":3,"column":29}},"3":{"start":{"line":4,"column":0},"end":{"line":4,"column":9}},"4":{"start":{"line":5,"column":0},"end":{"line":5,"column":18}},"5":{"start":{"line":6,"column":0},"end":{"line":6,"column":15}},"6":{"start":{"line":7,"column":0},"end":{"line":7,"column":21}},"7":{"start":{"line":8,"column":0},"end":{"line":8,"column":41}},"8":{"start":{"line":9,"column":0},"end":{"line":9,"column":16}},"9":{"start":{"line":10,"column":0},"end":{"line":10,"column":24}},"10":{"start":{"line":11,"column":0},"end":{"line":11,"column":19}},"11":{"start":{"line":12,"column":0},"end":{"line":12,"column":23}},"12":{"start":{"line":13,"column":0},"end":{"line":13,"column":23}},"13":{"start":{"line":14,"column":0},"end":{"line":14,"column":23}},"14":{"start":{"line":15,"column":0},"end":{"line":15,"column":23}},"15":{"start":{"line":16,"column":0},"end":{"line":16,"column":22}},"16":{"start":{"line":17,"column":0},"end":{"line":17,"column":18}},"17":{"start":{"line":18,"column":0},"end":{"line":18,"column":19}},"18":{"start":{"line":19,"column":0},"end":{"line":19,"column":20}},"19":{"start":{"line":20,"column":0},"end":{"line":20,"column":21}},"20":{"start":{"line":21,"column":0},"end":{"line":21,"column":8}},"21":{"start":{"line":22,"column":0},"end":{"line":22,"column":6}},"22":{"start":{"line":23,"column":0},"end":{"line":23,"column":4}},"23":{"start":{"line":24,"column":0},"end":{"line":24,"column":3}}},"s":{"0":0,"2":0,"3":0,"4":0,"5":0,"6":0,"7":0,"8":0,"9":0,"10":0,"11":0,"12":0,"13":0,"14":0,"15":0,"16":0,"17":0,"18":0,"19":0,"20":0,"21":0,"22":0,"23":0},"branchMap":{"0":{"type":"branch","line":1,"loc":{"start":{"line":1,"column":473},"end":{"line":24,"column":3}},"locations":[{"start":{"line":1,"column":473},"end":{"line":24,"column":3}}]}},"b":{"0":[0]},"fnMap":{"0":{"name":"(empty-report)","decl":{"start":{"line":1,"column":473},"end":{"line":24,"column":3}},"loc":{"start":{"line":1,"column":473},"end":{"line":24,"column":3}},"line":1}},"f":{"0":0}}
,"/Users/raynastankova/Demo/demo-microservices/backend/src/city.js": {"path":"/Users/raynastankova/Demo/demo-microservices/backend/src/city.js","all":false,"statementMap":{"0":{"start":{"line":1,"column":0},"end":{"line":1,"column":3}},"1":{"start":{"line":2,"column":0},"end":{"line":2,"column":54}},"2":{"start":{"line":3,"column":0},"end":{"line":3,"column":88}},"3":{"start":{"line":4,"column":0},"end":{"line":4,"column":51}},"4":{"start":{"line":5,"column":0},"end":{"line":5,"column":3}},"5":{"start":{"line":6,"column":0},"end":{"line":6,"column":35}},"6":{"start":{"line":7,"column":0},"end":{"line":7,"column":25}},"7":{"start":{"line":8,"column":0},"end":{"line":8,"column":29}},"8":{"start":{"line":9,"column":0},"end":{"line":9,"column":32}},"10":{"start":{"line":11,"column":0},"end":{"line":11,"column":55}},"12":{"start":{"line":13,"column":0},"end":{"line":13,"column":3}},"13":{"start":{"line":14,"column":0},"end":{"line":14,"column":38}},"14":{"start":{"line":15,"column":0},"end":{"line":15,"column":92}},"15":{"start":{"line":16,"column":0},"end":{"line":16,"column":42}},"16":{"start":{"line":17,"column":0},"end":{"line":17,"column":3}},"17":{"start":{"line":18,"column":0},"end":{"line":18,"column":21}},"18":{"start":{"line":19,"column":0},"end":{"line":19,"column":103}},"19":{"start":{"line":20,"column":0},"end":{"line":20,"column":82}},"20":{"start":{"line":21,"column":0},"end":{"line":21,"column":1}},"22":{"start":{"line":23,"column":0},"end":{"line":23,"column":3}},"23":{"start":{"line":24,"column":0},"end":{"line":24,"column":45}},"24":{"start":{"line":25,"column":0},"end":{"line":25,"column":51}},"25":{"start":{"line":26,"column":0},"end":{"line":26,"column":41}},"26":{"start":{"line":27,"column":0},"end":{"line":27,"column":3}},"27":{"start":{"line":28,"column":0},"end":{"line":28,"column":26}},"28":{"start":{"line":29,"column":0},"end":{"line":29,"column":85}},"29":{"start":{"line":30,"column":0},"end":{"line":30,"column":1}},"31":{"start":{"line":32,"column":0},"end":{"line":32,"column":3}},"32":{"start":{"line":33,"column":0},"end":{"line":33,"column":101}},"33":{"start":{"line":34,"column":0},"end":{"line":34,"column":88}},"34":{"start":{"line":35,"column":0},"end":{"line":35,"column":90}},"35":{"start":{"line":36,"column":0},"end":{"line":36,"column":3}},"36":{"start":{"line":37,"column":0},"end":{"line":37,"column":34}},"37":{"start":{"line":38,"column":0},"end":{"line":38,"column":26}},"38":{"start":{"line":39,"column":0},"end":{"line":39,"column":18}},"39":{"start":{"line":40,"column":0},"end":{"line":40,"column":82}},"40":{"start":{"line":41,"column":0},"end":{"line":41,"column":67}},"41":{"start":{"line":42,"column":0},"end":{"line":42,"column":73}},"42":{"start":{"line":43,"column":0},"end":{"line":43,"column":43}},"43":{"start":{"line":44,"column":0},"end":{"line":44,"column":12}},"44":{"start":{"line":45,"column":0},"end":{"line":45,"column":52}},"45":{"start":{"line":46,"column":0},"end":{"line":46,"column":51}},"46":{"start":{"line":47,"column":0},"end":{"line":47,"column":6}},"47":{"start":{"line":48,"column":0},"end":{"line":48,"column":16}},"48":{"start":{"line":49,"column":0},"end":{"line":49,"column":1}},"50":{"start":{"line":51,"column":0},"end":{"line":51,"column":3}},"51":{"start":{"line":52,"column":0},"end":{"line":52,"column":8}},"52":{"start":{"line":53,"column":0},"end":{"line":53,"column":92}},"53":{"start":{"line":54,"column":0},"end":{"line":54,"column":42}},"54":{"start":{"line":55,"column":0},"end":{"line":55,"column":3}},"55":{"start":{"line":56,"column":0},"end":{"line":56,"column":31}},"56":{"start":{"line":57,"column":0},"end":{"line":57,"column":94}},"57":{"start":{"line":58,"column":0},"end":{"line":58,"column":62}},"58":{"start":{"line":59,"column":0},"end":{"line":59,"column":3}},"60":{"start":{"line":61,"column":0},"end":{"line":61,"column":3}},"61":{"start":{"line":62,"column":0},"end":{"line":62,"column":9}},"62":{"start":{"line":63,"column":0},"end":{"line":63,"column":49}},"63":{"start":{"line":64,"column":0},"end":{"line":64,"column":29}},"64":{"start":{"line":65,"column":0},"end":{"line":65,"column":24}},"65":{"start":{"line":66,"column":0},"end":{"line":66,"column":34}},"66":{"start":{"line":67,"column":0},"end":{"line":67,"column":55}},"67":{"start":{"line":68,"column":0},"end":{"line":68,"column":61}},"68":{"start":{"line":69,"column":0},"end":{"line":69,"column":64}},"69":{"start":{"line":70,"column":0},"end":{"line":70,"column":3}},"70":{"start":{"line":71,"column":0},"end":{"line":71,"column":32}},"71":{"start":{"line":72,"column":0},"end":{"line":72,"column":94}},"72":{"start":{"line":73,"column":0},"end":{"line":73,"column":74}},"73":{"start":{"line":74,"column":0},"end":{"line":74,"column":28}},"74":{"start":{"line":75,"column":0},"end":{"line":75,"column":88}},"75":{"start":{"line":76,"column":0},"end":{"line":76,"column":26}},"76":{"start":{"line":77,"column":0},"end":{"line":77,"column":43}},"77":{"start":{"line":78,"column":0},"end":{"line":78,"column":66}},"78":{"start":{"line":79,"column":0},"end":{"line":79,"column":50}},"79":{"start":{"line":80,"column":0},"end":{"line":80,"column":70}},"80":{"start":{"line":81,"column":0},"end":{"line":81,"column":3}},"81":{"start":{"line":82,"column":0},"end":{"line":82,"column":48}},"82":{"start":{"line":83,"column":0},"end":{"line":83,"column":58}},"83":{"start":{"line":84,"column":0},"end":{"line":84,"column":58}},"84":{"start":{"line":85,"column":0},"end":{"line":85,"column":17}},"85":{"start":{"line":86,"column":0},"end":{"line":86,"column":55}},"86":{"start":{"line":87,"column":0},"end":{"line":87,"column":10}},"87":{"start":{"line":88,"column":0},"end":{"line":88,"column":46}},"88":{"start":{"line":89,"column":0},"end":{"line":89,"column":3}},"89":{"start":{"line":90,"column":0},"end":{"line":90,"column":48}},"90":{"start":{"line":91,"column":0},"end":{"line":91,"column":37}},"91":{"start":{"line":92,"column":0},"end":{"line":92,"column":38}},"92":{"start":{"line":93,"column":0},"end":{"line":93,"column":3}},"94":{"start":{"line":95,"column":0},"end":{"line":95,"column":3}},"95":{"start":{"line":96,"column":0},"end":{"line":96,"column":20}},"96":{"start":{"line":97,"column":0},"end":{"line":97,"column":41}},"97":{"start":{"line":98,"column":0},"end":{"line":98,"column":29}},"98":{"start":{"line":99,"column":0},"end":{"line":99,"column":37}},"99":{"start":{"line":100,"column":0},"end":{"line":100,"column":44}},"100":{"start":{"line":101,"column":0},"end":{"line":101,"column":3}},"101":{"start":{"line":102,"column":0},"end":{"line":102,"column":43}},"102":{"start":{"line":103,"column":0},"end":{"line":103,"column":94}},"103":{"start":{"line":104,"column":0},"end":{"line":104,"column":74}},"104":{"start":{"line":105,"column":0},"end":{"line":105,"column":34}},"105":{"start":{"line":106,"column":0},"end":{"line":106,"column":26}},"106":{"start":{"line":107,"column":0},"end":{"line":107,"column":81}},"107":{"start":{"line":108,"column":0},"end":{"line":108,"column":82}},"108":{"start":{"line":109,"column":0},"end":{"line":109,"column":48}},"109":{"start":{"line":110,"column":0},"end":{"line":110,"column":37}},"110":{"start":{"line":111,"column":0},"end":{"line":111,"column":64}},"111":{"start":{"line":112,"column":0},"end":{"line":112,"column":3}},"113":{"start":{"line":114,"column":0},"end":{"line":114,"column":3}},"114":{"start":{"line":115,"column":0},"end":{"line":115,"column":30}},"115":{"start":{"line":116,"column":0},"end":{"line":116,"column":55}},"116":{"start":{"line":117,"column":0},"end":{"line":117,"column":29}},"117":{"start":{"line":118,"column":0},"end":{"line":118,"column":38}},"118":{"start":{"line":119,"column":0},"end":{"line":119,"column":60}},"119":{"start":{"line":120,"column":0},"end":{"line":120,"column":50}},"120":{"start":{"line":121,"column":0},"end":{"line":121,"column":3}},"121":{"start":{"line":122,"column":0},"end":{"line":122,"column":53}},"122":{"start":{"line":123,"column":0},"end":{"line":123,"column":94}},"123":{"start":{"line":124,"column":0},"end":{"line":124,"column":74}},"124":{"start":{"line":125,"column":0},"end":{"line":125,"column":34}},"125":{"start":{"line":126,"column":0},"end":{"line":126,"column":34}},"126":{"start":{"line":127,"column":0},"end":{"line":127,"column":81}},"127":{"start":{"line":128,"column":0},"end":{"line":128,"column":26}},"128":{"start":{"line":129,"column":0},"end":{"line":129,"column":69}},"129":{"start":{"line":130,"column":0},"end":{"line":130,"column":70}},"130":{"start":{"line":131,"column":0},"end":{"line":131,"column":44}},"131":{"start":{"line":132,"column":0},"end":{"line":132,"column":37}},"132":{"start":{"line":133,"column":0},"end":{"line":133,"column":75}},"133":{"start":{"line":134,"column":0},"end":{"line":134,"column":3}},"134":{"start":{"line":135,"column":0},"end":{"line":135,"column":64}},"135":{"start":{"line":136,"column":0},"end":{"line":136,"column":87}},"136":{"start":{"line":137,"column":0},"end":{"line":137,"column":48}},"137":{"start":{"line":138,"column":0},"end":{"line":138,"column":37}},"138":{"start":{"line":139,"column":0},"end":{"line":139,"column":46}},"139":{"start":{"line":140,"column":0},"end":{"line":140,"column":3}},"141":{"start":{"line":142,"column":0},"end":{"line":142,"column":3}},"142":{"start":{"line":143,"column":0},"end":{"line":143,"column":44}},"143":{"start":{"line":144,"column":0},"end":{"line":144,"column":60}},"144":{"start":{"line":145,"column":0},"end":{"line":145,"column":29}},"145":{"start":{"line":146,"column":0},"end":{"line":146,"column":37}},"146":{"start":{"line":147,"column":0},"end":{"line":147,"column":50}},"147":{"start":{"line":148,"column":0},"end":{"line":148,"column":3}},"148":{"start":{"line":149,"column":0},"end":{"line":149,"column":67}},"149":{"start":{"line":150,"column":0},"end":{"line":150,"column":94}},"150":{"start":{"line":151,"column":0},"end":{"line":151,"column":74}},"151":{"start":{"line":152,"column":0},"end":{"line":152,"column":46}},"152":{"start":{"line":153,"column":0},"end":{"line":153,"column":26}},"153":{"start":{"line":154,"column":0},"end":{"line":154,"column":69}},"154":{"start":{"line":155,"column":0},"end":{"line":155,"column":70}},"155":{"start":{"line":156,"column":0},"end":{"line":156,"column":97}},"156":{"start":{"line":157,"column":0},"end":{"line":157,"column":48}},"157":{"start":{"line":158,"column":0},"end":{"line":158,"column":37}},"158":{"start":{"line":159,"column":0},"end":{"line":159,"column":46}},"159":{"start":{"line":160,"column":0},"end":{"line":160,"column":3}},"161":{"start":{"line":162,"column":0},"end":{"line":162,"column":3}},"162":{"start":{"line":163,"column":0},"end":{"line":163,"column":30}},"163":{"start":{"line":164,"column":0},"end":{"line":164,"column":54}},"164":{"start":{"line":165,"column":0},"end":{"line":165,"column":29}},"165":{"start":{"line":166,"column":0},"end":{"line":166,"column":38}},"166":{"start":{"line":167,"column":0},"end":{"line":167,"column":60}},"167":{"start":{"line":168,"column":0},"end":{"line":168,"column":50}},"168":{"start":{"line":169,"column":0},"end":{"line":169,"column":3}},"169":{"start":{"line":170,"column":0},"end":{"line":170,"column":53}},"170":{"start":{"line":171,"column":0},"end":{"line":171,"column":94}},"171":{"start":{"line":172,"column":0},"end":{"line":172,"column":74}},"172":{"start":{"line":173,"column":0},"end":{"line":173,"column":34}},"173":{"start":{"line":174,"column":0},"end":{"line":174,"column":34}},"174":{"start":{"line":175,"column":0},"end":{"line":175,"column":81}},"175":{"start":{"line":176,"column":0},"end":{"line":176,"column":26}},"176":{"start":{"line":177,"column":0},"end":{"line":177,"column":69}},"177":{"start":{"line":178,"column":0},"end":{"line":178,"column":70}},"178":{"start":{"line":179,"column":0},"end":{"line":179,"column":44}},"179":{"start":{"line":180,"column":0},"end":{"line":180,"column":37}},"180":{"start":{"line":181,"column":0},"end":{"line":181,"column":75}},"181":{"start":{"line":182,"column":0},"end":{"line":182,"column":3}},"182":{"start":{"line":183,"column":0},"end":{"line":183,"column":64}},"183":{"start":{"line":184,"column":0},"end":{"line":184,"column":87}},"184":{"start":{"line":185,"column":0},"end":{"line":185,"column":48}},"185":{"start":{"line":186,"column":0},"end":{"line":186,"column":37}},"186":{"start":{"line":187,"column":0},"end":{"line":187,"column":46}},"187":{"start":{"line":188,"column":0},"end":{"line":188,"column":3}},"189":{"start":{"line":190,"column":0},"end":{"line":190,"column":3}},"190":{"start":{"line":191,"column":0},"end":{"line":191,"column":44}},"191":{"start":{"line":192,"column":0},"end":{"line":192,"column":59}},"192":{"start":{"line":193,"column":0},"end":{"line":193,"column":29}},"193":{"start":{"line":194,"column":0},"end":{"line":194,"column":37}},"194":{"start":{"line":195,"column":0},"end":{"line":195,"column":50}},"195":{"start":{"line":196,"column":0},"end":{"line":196,"column":3}},"196":{"start":{"line":197,"column":0},"end":{"line":197,"column":67}},"197":{"start":{"line":198,"column":0},"end":{"line":198,"column":94}},"198":{"start":{"line":199,"column":0},"end":{"line":199,"column":74}},"199":{"start":{"line":200,"column":0},"end":{"line":200,"column":46}},"200":{"start":{"line":201,"column":0},"end":{"line":201,"column":26}},"201":{"start":{"line":202,"column":0},"end":{"line":202,"column":69}},"202":{"start":{"line":203,"column":0},"end":{"line":203,"column":70}},"203":{"start":{"line":204,"column":0},"end":{"line":204,"column":97}},"204":{"start":{"line":205,"column":0},"end":{"line":205,"column":48}},"205":{"start":{"line":206,"column":0},"end":{"line":206,"column":37}},"206":{"start":{"line":207,"column":0},"end":{"line":207,"column":46}},"207":{"start":{"line":208,"column":0},"end":{"line":208,"column":3}},"209":{"start":{"line":210,"column":0},"end":{"line":210,"column":24}}},"s":{"0":1,"1":1,"2":1,"3":1,"4":1,"5":1,"6":1,"7":1,"8":1,"10":1,"12":1,"13":1,"14":1,"15":1,"16":1,"17":31,"18":31,"19":31,"20":31,"22":1,"23":1,"24":1,"25":1,"26":1,"27":24,"28":24,"29":24,"31":1,"32":1,"33":1,"34":1,"35":1,"36":4,"37":4,"38":4,"39":4,"40":4,"41":4,"42":4,"43":21,"44":21,"45":21,"46":4,"47":4,"48":4,"50":1,"51":1,"52":1,"53":1,"54":1,"55":1,"56":4,"57":4,"58":1,"60":1,"61":1,"62":1,"63":1,"64":1,"65":1,"66":1,"67":1,"68":1,"69":1,"70":1,"71":12,"72":12,"73":12,"74":12,"75":12,"76":12,"77":12,"78":12,"79":1,"80":1,"81":11,"82":12,"83":12,"84":12,"85":0,"86":12,"87":11,"88":11,"89":11,"90":11,"91":11,"92":1,"94":1,"95":1,"96":1,"97":1,"98":1,"99":1,"100":1,"101":1,"102":1,"103":1,"104":1,"105":1,"106":1,"107":1,"108":1,"109":1,"110":1,"111":1,"113":1,"114":1,"115":1,"116":1,"117":1,"118":1,"119":1,"120":1,"121":1,"122":7,"123":7,"124":7,"125":7,"126":7,"127":7,"128":7,"129":7,"130":7,"131":7,"132":1,"133":1,"134":6,"135":6,"136":6,"137":6,"138":6,"139":1,"141":1,"142":1,"143":1,"144":1,"145":1,"146":1,"147":1,"148":1,"149":0,"150":0,"151":0,"152":0,"153":0,"154":0,"155":0,"156":0,"157":0,"158":0,"159":1,"161":1,"162":1,"163":1,"164":1,"165":1,"166":1,"167":1,"168":1,"169":1,"170":7,"171":7,"172":7,"173":7,"174":7,"175":7,"176":7,"177":7,"178":7,"179":7,"180":1,"181":1,"182":6,"183":6,"184":6,"185":6,"186":6,"187":1,"189":1,"190":1,"191":1,"192":1,"193":1,"194":1,"195":1,"196":1,"197":0,"198":0,"199":0,"200":0,"201":0,"202":0,"203":0,"204":0,"205":0,"206":0,"207":1,"209":1},"branchMap":{"0":{"type":"branch","line":18,"loc":{"start":{"line":18,"column":0},"end":{"line":21,"column":1}},"locations":[{"start":{"line":18,"column":0},"end":{"line":21,"column":1}}]},"1":{"type":"branch","line":19,"loc":{"start":{"line":19,"column":33},"end":{"line":19,"column":69}},"locations":[{"start":{"line":19,"column":33},"end":{"line":19,"column":69}}]},"2":{"type":"branch","line":28,"loc":{"start":{"line":28,"column":0},"end":{"line":30,"column":1}},"locations":[{"start":{"line":28,"column":0},"end":{"line":30,"column":1}}]},"3":{"type":"branch","line":37,"loc":{"start":{"line":37,"column":0},"end":{"line":49,"column":1}},"locations":[{"start":{"line":37,"column":0},"end":{"line":49,"column":1}}]},"4":{"type":"branch","line":40,"loc":{"start":{"line":40,"column":15},"end":{"line":40,"column":32}},"locations":[{"start":{"line":40,"column":15},"end":{"line":40,"column":32}}]},"5":{"type":"branch","line":40,"loc":{"start":{"line":40,"column":34},"end":{"line":40,"column":58}},"locations":[{"start":{"line":40,"column":34},"end":{"line":40,"column":58}}]},"6":{"type":"branch","line":40,"loc":{"start":{"line":40,"column":58},"end":{"line":41,"column":45}},"locations":[{"start":{"line":40,"column":58},"end":{"line":41,"column":45}}]},"7":{"type":"branch","line":41,"loc":{"start":{"line":41,"column":24},"end":{"line":41,"column":45}},"locations":[{"start":{"line":41,"column":24},"end":{"line":41,"column":45}}]},"8":{"type":"branch","line":43,"loc":{"start":{"line":43,"column":33},"end":{"line":47,"column":4}},"locations":[{"start":{"line":43,"column":33},"end":{"line":47,"column":4}}]},"9":{"type":"branch","line":45,"loc":{"start":{"line":45,"column":35},"end":{"line":45,"column":40}},"locations":[{"start":{"line":45,"column":35},"end":{"line":45,"column":40}}]},"10":{"type":"branch","line":46,"loc":{"start":{"line":46,"column":35},"end":{"line":46,"column":40}},"locations":[{"start":{"line":46,"column":35},"end":{"line":46,"column":40}}]},"11":{"type":"branch","line":56,"loc":{"start":{"line":56,"column":16},"end":{"line":59,"column":2}},"locations":[{"start":{"line":56,"column":16},"end":{"line":59,"column":2}}]},"12":{"type":"branch","line":57,"loc":{"start":{"line":57,"column":36},"end":{"line":57,"column":64}},"locations":[{"start":{"line":57,"column":36},"end":{"line":57,"column":64}}]},"13":{"type":"branch","line":71,"loc":{"start":{"line":71,"column":17},"end":{"line":93,"column":2}},"locations":[{"start":{"line":71,"column":17},"end":{"line":93,"column":2}}]},"14":{"type":"branch","line":73,"loc":{"start":{"line":73,"column":17},"end":{"line":73,"column":74}},"locations":[{"start":{"line":73,"column":17},"end":{"line":73,"column":74}}]},"15":{"type":"branch","line":75,"loc":{"start":{"line":75,"column":27},"end":{"line":75,"column":88}},"locations":[{"start":{"line":75,"column":27},"end":{"line":75,"column":88}}]},"16":{"type":"branch","line":77,"loc":{"start":{"line":77,"column":23},"end":{"line":77,"column":43}},"locations":[{"start":{"line":77,"column":23},"end":{"line":77,"column":43}}]},"17":{"type":"branch","line":79,"loc":{"start":{"line":79,"column":49},"end":{"line":81,"column":3}},"locations":[{"start":{"line":79,"column":49},"end":{"line":81,"column":3}}]},"18":{"type":"branch","line":81,"loc":{"start":{"line":81,"column":2},"end":{"line":83,"column":39}},"locations":[{"start":{"line":81,"column":2},"end":{"line":83,"column":39}}]},"19":{"type":"branch","line":83,"loc":{"start":{"line":83,"column":39},"end":{"line":83,"column":44}},"locations":[{"start":{"line":83,"column":39},"end":{"line":83,"column":44}}]},"20":{"type":"branch","line":84,"loc":{"start":{"line":84,"column":39},"end":{"line":84,"column":44}},"locations":[{"start":{"line":84,"column":39},"end":{"line":84,"column":44}}]},"21":{"type":"branch","line":85,"loc":{"start":{"line":85,"column":16},"end":{"line":87,"column":3}},"locations":[{"start":{"line":85,"column":16},"end":{"line":87,"column":3}}]},"22":{"type":"branch","line":87,"loc":{"start":{"line":87,"column":3},"end":{"line":93,"column":2}},"locations":[{"start":{"line":87,"column":3},"end":{"line":93,"column":2}}]},"23":{"type":"branch","line":78,"loc":{"start":{"line":78,"column":39},"end":{"line":78,"column":64}},"locations":[{"start":{"line":78,"column":39},"end":{"line":78,"column":64}}]},"24":{"type":"branch","line":102,"loc":{"start":{"line":102,"column":28},"end":{"line":112,"column":2}},"locations":[{"start":{"line":102,"column":28},"end":{"line":112,"column":2}}]},"25":{"type":"branch","line":104,"loc":{"start":{"line":104,"column":17},"end":{"line":104,"column":74}},"locations":[{"start":{"line":104,"column":17},"end":{"line":104,"column":74}}]},"26":{"type":"branch","line":107,"loc":{"start":{"line":107,"column":23},"end":{"line":107,"column":81}},"locations":[{"start":{"line":107,"column":23},"end":{"line":107,"column":81}}]},"27":{"type":"branch","line":108,"loc":{"start":{"line":108,"column":41},"end":{"line":108,"column":65}},"locations":[{"start":{"line":108,"column":41},"end":{"line":108,"column":65}}]},"28":{"type":"branch","line":122,"loc":{"start":{"line":122,"column":38},"end":{"line":140,"column":2}},"locations":[{"start":{"line":122,"column":38},"end":{"line":140,"column":2}}]},"29":{"type":"branch","line":124,"loc":{"start":{"line":124,"column":17},"end":{"line":124,"column":74}},"locations":[{"start":{"line":124,"column":17},"end":{"line":124,"column":74}}]},"30":{"type":"branch","line":127,"loc":{"start":{"line":127,"column":19},"end":{"line":127,"column":81}},"locations":[{"start":{"line":127,"column":19},"end":{"line":127,"column":81}}]},"31":{"type":"branch","line":129,"loc":{"start":{"line":129,"column":31},"end":{"line":129,"column":36}},"locations":[{"start":{"line":129,"column":31},"end":{"line":129,"column":36}}]},"32":{"type":"branch","line":130,"loc":{"start":{"line":130,"column":13},"end":{"line":130,"column":70}},"locations":[{"start":{"line":130,"column":13},"end":{"line":130,"column":70}}]},"33":{"type":"branch","line":131,"loc":{"start":{"line":131,"column":38},"end":{"line":131,"column":43}},"locations":[{"start":{"line":131,"column":38},"end":{"line":131,"column":43}}]},"34":{"type":"branch","line":132,"loc":{"start":{"line":132,"column":36},"end":{"line":134,"column":3}},"locations":[{"start":{"line":132,"column":36},"end":{"line":134,"column":3}}]},"35":{"type":"branch","line":134,"loc":{"start":{"line":134,"column":2},"end":{"line":140,"column":2}},"locations":[{"start":{"line":134,"column":2},"end":{"line":140,"column":2}}]},"36":{"type":"branch","line":129,"loc":{"start":{"line":129,"column":43},"end":{"line":129,"column":67}},"locations":[{"start":{"line":129,"column":43},"end":{"line":129,"column":67}}]},"37":{"type":"branch","line":135,"loc":{"start":{"line":135,"column":41},"end":{"line":135,"column":62}},"locations":[{"start":{"line":135,"column":41},"end":{"line":135,"column":62}}]},"38":{"type":"branch","line":170,"loc":{"start":{"line":170,"column":38},"end":{"line":188,"column":2}},"locations":[{"start":{"line":170,"column":38},"end":{"line":188,"column":2}}]},"39":{"type":"branch","line":172,"loc":{"start":{"line":172,"column":17},"end":{"line":172,"column":74}},"locations":[{"start":{"line":172,"column":17},"end":{"line":172,"column":74}}]},"40":{"type":"branch","line":175,"loc":{"start":{"line":175,"column":19},"end":{"line":175,"column":81}},"locations":[{"start":{"line":175,"column":19},"end":{"line":175,"column":81}}]},"41":{"type":"branch","line":177,"loc":{"start":{"line":177,"column":31},"end":{"line":177,"column":36}},"locations":[{"start":{"line":177,"column":31},"end":{"line":177,"column":36}}]},"42":{"type":"branch","line":178,"loc":{"start":{"line":178,"column":13},"end":{"line":178,"column":70}},"locations":[{"start":{"line":178,"column":13},"end":{"line":178,"column":70}}]},"43":{"type":"branch","line":179,"loc":{"start":{"line":179,"column":38},"end":{"line":179,"column":43}},"locations":[{"start":{"line":179,"column":38},"end":{"line":179,"column":43}}]},"44":{"type":"branch","line":180,"loc":{"start":{"line":180,"column":36},"end":{"line":182,"column":3}},"locations":[{"start":{"line":180,"column":36},"end":{"line":182,"column":3}}]},"45":{"type":"branch","line":182,"loc":{"start":{"line":182,"column":2},"end":{"line":188,"column":2}},"locations":[{"start":{"line":182,"column":2},"end":{"line":188,"column":2}}]},"46":{"type":"branch","line":177,"loc":{"start":{"line":177,"column":43},"end":{"line":177,"column":67}},"locations":[{"start":{"line":177,"column":43},"end":{"line":177,"column":67}}]},"47":{"type":"branch","line":183,"loc":{"start":{"line":183,"column":41},"end":{"line":183,"column":62}},"locations":[{"start":{"line":183,"column":41},"end":{"line":183,"column":62}}]}},"b":{"0":[31],"1":[0],"2":[24],"3":[4],"4":[3],"5":[3],"6":[1],"7":[0],"8":[21],"9":[0],"10":[0],"11":[4],"12":[3],"13":[12],"14":[0],"15":[0],"16":[2],"17":[1],"18":[11],"19":[0],"20":[0],"21":[0],"22":[11],"23":[55],"24":[1],"25":[0],"26":[0],"27":[1],"28":[7],"29":[0],"30":[0],"31":[0],"32":[0],"33":[0],"34":[1],"35":[6],"36":[7],"37":[10],"38":[7],"39":[0],"40":[0],"41":[0],"42":[0],"43":[0],"44":[1],"45":[6],"46":[7],"47":[10]},"fnMap":{"0":{"name":"readData","decl":{"start":{"line":18,"column":0},"end":{"line":21,"column":1}},"loc":{"start":{"line":18,"column":0},"end":{"line":21,"column":1}},"line":18},"1":{"name":"writeData","decl":{"start":{"line":28,"column":0},"end":{"line":30,"column":1}},"loc":{"start":{"line":28,"column":0},"end":{"line":30,"column":1}},"line":28},"2":{"name":"getUserCities","decl":{"start":{"line":37,"column":0},"end":{"line":49,"column":1}},"loc":{"start":{"line":37,"column":0},"end":{"line":49,"column":1}},"line":37}},"f":{"0":31,"1":24,"2":4}}
,"/Users/raynastankova/Demo/demo-microservices/backend/src/server.js": {"path":"/Users/raynastankova/Demo/demo-microservices/backend/src/server.js","all":true,"statementMap":{"0":{"start":{"line":1,"column":0},"end":{"line":1,"column":3}},"1":{"start":{"line":2,"column":0},"end":{"line":2,"column":51}},"2":{"start":{"line":3,"column":0},"end":{"line":3,"column":66}},"3":{"start":{"line":4,"column":0},"end":{"line":4,"column":82}},"4":{"start":{"line":5,"column":0},"end":{"line":5,"column":3}},"5":{"start":{"line":6,"column":0},"end":{"line":6,"column":35}},"6":{"start":{"line":7,"column":0},"end":{"line":7,"column":46}},"7":{"start":{"line":8,"column":0},"end":{"line":8,"column":29}},"8":{"start":{"line":9,"column":0},"end":{"line":9,"column":43}},"9":{"start":{"line":10,"column":0},"end":{"line":10,"column":29}},"11":{"start":{"line":12,"column":0},"end":{"line":12,"column":37}},"12":{"start":{"line":13,"column":0},"end":{"line":13,"column":37}},"14":{"start":{"line":15,"column":0},"end":{"line":15,"column":22}},"15":{"start":{"line":16,"column":0},"end":{"line":16,"column":38}},"17":{"start":{"line":18,"column":0},"end":{"line":18,"column":47}},"18":{"start":{"line":19,"column":0},"end":{"line":19,"column":14}},"19":{"start":{"line":20,"column":0},"end":{"line":20,"column":61}},"20":{"start":{"line":21,"column":0},"end":{"line":21,"column":19}},"21":{"start":{"line":22,"column":0},"end":{"line":22,"column":4}},"22":{"start":{"line":23,"column":0},"end":{"line":23,"column":28}},"23":{"start":{"line":24,"column":0},"end":{"line":24,"column":24}},"24":{"start":{"line":25,"column":0},"end":{"line":25,"column":16}},"25":{"start":{"line":26,"column":0},"end":{"line":26,"column":24}},"26":{"start":{"line":27,"column":0},"end":{"line":27,"column":49}},"27":{"start":{"line":28,"column":0},"end":{"line":28,"column":17}},"28":{"start":{"line":29,"column":0},"end":{"line":29,"column":90}},"29":{"start":{"line":30,"column":0},"end":{"line":30,"column":16}},"30":{"start":{"line":31,"column":0},"end":{"line":31,"column":27}},"31":{"start":{"line":32,"column":0},"end":{"line":32,"column":43}},"32":{"start":{"line":33,"column":0},"end":{"line":33,"column":4}},"34":{"start":{"line":35,"column":0},"end":{"line":35,"column":55}},"35":{"start":{"line":36,"column":0},"end":{"line":36,"column":34}},"36":{"start":{"line":37,"column":0},"end":{"line":37,"column":35}},"38":{"start":{"line":39,"column":0},"end":{"line":39,"column":33}},"39":{"start":{"line":40,"column":0},"end":{"line":40,"column":28}},"40":{"start":{"line":41,"column":0},"end":{"line":41,"column":37}},"41":{"start":{"line":42,"column":0},"end":{"line":42,"column":3}},"43":{"start":{"line":44,"column":0},"end":{"line":44,"column":19}},"44":{"start":{"line":45,"column":0},"end":{"line":45,"column":24}},"45":{"start":{"line":46,"column":0},"end":{"line":46,"column":60}},"46":{"start":{"line":47,"column":0},"end":{"line":47,"column":3}}},"s":{"0":0,"1":0,"2":0,"3":0,"4":0,"5":0,"6":0,"7":0,"8":0,"9":0,"11":0,"12":0,"14":0,"15":0,"17":0,"18":0,"19":0,"20":0,"21":0,"22":0,"23":0,"24":0,"25":0,"26":0,"27":0,"28":0,"29":0,"30":0,"31":0,"32":0,"34":0,"35":0,"36":0,"38":0,"39":0,"40":0,"41":0,"43":0,"44":0,"45":0,"46":0},"branchMap":{"0":{"type":"branch","line":1,"loc":{"start":{"line":1,"column":1381},"end":{"line":47,"column":3}},"locations":[{"start":{"line":1,"column":1381},"end":{"line":47,"column":3}}]}},"b":{"0":[0]},"fnMap":{"0":{"name":"(empty-report)","decl":{"start":{"line":1,"column":1381},"end":{"line":47,"column":3}},"loc":{"start":{"line":1,"column":1381},"end":{"line":47,"column":3}},"line":1}},"f":{"0":0}}
,"/Users/raynastankova/Demo/demo-microservices/backend/src/user.js": {"path":"/Users/raynastankova/Demo/demo-microservices/backend/src/user.js","all":false,"statementMap":{"0":{"start":{"line":1,"column":0},"end":{"line":1,"column":3}},"1":{"start":{"line":2,"column":0},"end":{"line":2,"column":53}},"2":{"start":{"line":3,"column":0},"end":{"line":3,"column":58}},"3":{"start":{"line":4,"column":0},"end":{"line":4,"column":50}},"4":{"start":{"line":5,"column":0},"end":{"line":5,"column":3}},"5":{"start":{"line":6,"column":0},"end":{"line":6,"column":29}},"6":{"start":{"line":7,"column":0},"end":{"line":7,"column":35}},"7":{"start":{"line":8,"column":0},"end":{"line":8,"column":25}},"8":{"start":{"line":9,"column":0},"end":{"line":9,"column":32}},"10":{"start":{"line":11,"column":0},"end":{"line":11,"column":57}},"12":{"start":{"line":13,"column":0},"end":{"line":13,"column":3}},"13":{"start":{"line":14,"column":0},"end":{"line":14,"column":52}},"14":{"start":{"line":15,"column":0},"end":{"line":15,"column":88}},"15":{"start":{"line":16,"column":0},"end":{"line":16,"column":42}},"16":{"start":{"line":17,"column":0},"end":{"line":17,"column":3}},"17":{"start":{"line":18,"column":0},"end":{"line":18,"column":22}},"18":{"start":{"line":19,"column":0},"end":{"line":19,"column":82}},"19":{"start":{"line":20,"column":0},"end":{"line":20,"column":84}},"20":{"start":{"line":21,"column":0},"end":{"line":21,"column":1}},"22":{"start":{"line":23,"column":0},"end":{"line":23,"column":3}},"23":{"start":{"line":24,"column":0},"end":{"line":24,"column":55}},"24":{"start":{"line":25,"column":0},"end":{"line":25,"column":57}},"25":{"start":{"line":26,"column":0},"end":{"line":26,"column":41}},"26":{"start":{"line":27,"column":0},"end":{"line":27,"column":3}},"27":{"start":{"line":28,"column":0},"end":{"line":28,"column":28}},"28":{"start":{"line":29,"column":0},"end":{"line":29,"column":87}},"29":{"start":{"line":30,"column":0},"end":{"line":30,"column":1}},"31":{"start":{"line":32,"column":0},"end":{"line":32,"column":3}},"32":{"start":{"line":33,"column":0},"end":{"line":33,"column":56}},"33":{"start":{"line":34,"column":0},"end":{"line":34,"column":49}},"34":{"start":{"line":35,"column":0},"end":{"line":35,"column":59}},"35":{"start":{"line":36,"column":0},"end":{"line":36,"column":3}},"36":{"start":{"line":37,"column":0},"end":{"line":37,"column":30}},"37":{"start":{"line":38,"column":0},"end":{"line":38,"column":87}},"38":{"start":{"line":39,"column":0},"end":{"line":39,"column":1}},"40":{"start":{"line":41,"column":0},"end":{"line":41,"column":3}},"41":{"start":{"line":42,"column":0},"end":{"line":42,"column":17}},"42":{"start":{"line":43,"column":0},"end":{"line":43,"column":61}},"43":{"start":{"line":44,"column":0},"end":{"line":44,"column":44}},"44":{"start":{"line":45,"column":0},"end":{"line":45,"column":28}},"45":{"start":{"line":46,"column":0},"end":{"line":46,"column":48}},"46":{"start":{"line":47,"column":0},"end":{"line":47,"column":53}},"47":{"start":{"line":48,"column":0},"end":{"line":48,"column":58}},"48":{"start":{"line":49,"column":0},"end":{"line":49,"column":3}},"49":{"start":{"line":50,"column":0},"end":{"line":50,"column":40}},"50":{"start":{"line":51,"column":0},"end":{"line":51,"column":42}},"51":{"start":{"line":52,"column":0},"end":{"line":52,"column":103}},"52":{"start":{"line":53,"column":0},"end":{"line":53,"column":99}},"53":{"start":{"line":54,"column":0},"end":{"line":54,"column":28}},"54":{"start":{"line":55,"column":0},"end":{"line":55,"column":49}},"55":{"start":{"line":56,"column":0},"end":{"line":56,"column":66}},"56":{"start":{"line":57,"column":0},"end":{"line":57,"column":3}},"57":{"start":{"line":58,"column":0},"end":{"line":58,"column":53}},"58":{"start":{"line":59,"column":0},"end":{"line":59,"column":37}},"59":{"start":{"line":60,"column":0},"end":{"line":60,"column":49}},"60":{"start":{"line":61,"column":0},"end":{"line":61,"column":50}},"61":{"start":{"line":62,"column":0},"end":{"line":62,"column":3}},"63":{"start":{"line":64,"column":0},"end":{"line":64,"column":3}},"64":{"start":{"line":65,"column":0},"end":{"line":65,"column":14}},"65":{"start":{"line":66,"column":0},"end":{"line":66,"column":43}},"66":{"start":{"line":67,"column":0},"end":{"line":67,"column":44}},"67":{"start":{"line":68,"column":0},"end":{"line":68,"column":28}},"68":{"start":{"line":69,"column":0},"end":{"line":69,"column":32}},"69":{"start":{"line":70,"column":0},"end":{"line":70,"column":52}},"70":{"start":{"line":71,"column":0},"end":{"line":71,"column":54}},"71":{"start":{"line":72,"column":0},"end":{"line":72,"column":3}},"72":{"start":{"line":73,"column":0},"end":{"line":73,"column":37}},"73":{"start":{"line":74,"column":0},"end":{"line":74,"column":42}},"74":{"start":{"line":75,"column":0},"end":{"line":75,"column":99}},"75":{"start":{"line":76,"column":0},"end":{"line":76,"column":28}},"76":{"start":{"line":77,"column":0},"end":{"line":77,"column":83}},"77":{"start":{"line":78,"column":0},"end":{"line":78,"column":75}},"78":{"start":{"line":79,"column":0},"end":{"line":79,"column":49}},"79":{"start":{"line":80,"column":0},"end":{"line":80,"column":50}},"80":{"start":{"line":81,"column":0},"end":{"line":81,"column":3}},"82":{"start":{"line":83,"column":0},"end":{"line":83,"column":3}},"83":{"start":{"line":84,"column":0},"end":{"line":84,"column":15}},"84":{"start":{"line":85,"column":0},"end":{"line":85,"column":55}},"85":{"start":{"line":86,"column":0},"end":{"line":86,"column":35}},"86":{"start":{"line":87,"column":0},"end":{"line":87,"column":3}},"87":{"start":{"line":88,"column":0},"end":{"line":88,"column":38}},"88":{"start":{"line":89,"column":0},"end":{"line":89,"column":29}},"89":{"start":{"line":90,"column":0},"end":{"line":90,"column":64}},"90":{"start":{"line":91,"column":0},"end":{"line":91,"column":5}},"91":{"start":{"line":92,"column":0},"end":{"line":92,"column":3}},"93":{"start":{"line":94,"column":0},"end":{"line":94,"column":3}},"94":{"start":{"line":95,"column":0},"end":{"line":95,"column":10}},"95":{"start":{"line":96,"column":0},"end":{"line":96,"column":74}},"96":{"start":{"line":97,"column":0},"end":{"line":97,"column":47}},"97":{"start":{"line":98,"column":0},"end":{"line":98,"column":3}},"98":{"start":{"line":99,"column":0},"end":{"line":99,"column":33}},"99":{"start":{"line":100,"column":0},"end":{"line":100,"column":25}},"100":{"start":{"line":101,"column":0},"end":{"line":101,"column":79}},"101":{"start":{"line":102,"column":0},"end":{"line":102,"column":10}},"102":{"start":{"line":103,"column":0},"end":{"line":103,"column":75}},"103":{"start":{"line":104,"column":0},"end":{"line":104,"column":3}},"104":{"start":{"line":105,"column":0},"end":{"line":105,"column":3}},"106":{"start":{"line":107,"column":0},"end":{"line":107,"column":24}}},"s":{"0":1,"1":1,"2":1,"3":1,"4":1,"5":1,"6":1,"7":1,"8":1,"10":1,"12":1,"13":1,"14":1,"15":1,"16":1,"17":4,"18":4,"19":4,"20":4,"22":1,"23":1,"24":1,"25":1,"26":1,"27":1,"28":1,"29":1,"31":1,"32":1,"33":1,"34":1,"35":1,"36":6,"37":6,"38":6,"40":1,"41":1,"42":1,"43":1,"44":1,"45":1,"46":1,"47":1,"48":1,"49":1,"50":3,"51":3,"52":3,"53":2,"54":3,"55":1,"56":1,"57":1,"58":1,"59":1,"60":1,"61":1,"63":1,"64":1,"65":1,"66":1,"67":1,"68":1,"69":1,"70":1,"71":1,"72":1,"73":3,"74":3,"75":2,"76":2,"77":3,"78":1,"79":1,"80":1,"82":1,"83":1,"84":1,"85":1,"86":1,"87":1,"88":0,"89":0,"90":0,"91":1,"93":1,"94":1,"95":1,"96":1,"97":1,"98":1,"99":0,"100":0,"101":0,"102":0,"103":0,"104":1,"106":1},"branchMap":{"0":{"type":"branch","line":18,"loc":{"start":{"line":18,"column":0},"end":{"line":21,"column":1}},"locations":[{"start":{"line":18,"column":0},"end":{"line":21,"column":1}}]},"1":{"type":"branch","line":19,"loc":{"start":{"line":19,"column":34},"end":{"line":19,"column":44}},"locations":[{"start":{"line":19,"column":34},"end":{"line":19,"column":44}}]},"2":{"type":"branch","line":28,"loc":{"start":{"line":28,"column":0},"end":{"line":30,"column":1}},"locations":[{"start":{"line":28,"column":0},"end":{"line":30,"column":1}}]},"3":{"type":"branch","line":37,"loc":{"start":{"line":37,"column":0},"end":{"line":39,"column":1}},"locations":[{"start":{"line":37,"column":0},"end":{"line":39,"column":1}}]},"4":{"type":"branch","line":50,"loc":{"start":{"line":50,"column":25},"end":{"line":62,"column":2}},"locations":[{"start":{"line":50,"column":25},"end":{"line":62,"column":2}}]},"5":{"type":"branch","line":52,"loc":{"start":{"line":52,"column":30},"end":{"line":52,"column":103}},"locations":[{"start":{"line":52,"column":30},"end":{"line":52,"column":103}}]},"6":{"type":"branch","line":53,"loc":{"start":{"line":53,"column":31},"end":{"line":53,"column":99}},"locations":[{"start":{"line":53,"column":31},"end":{"line":53,"column":99}}]},"7":{"type":"branch","line":53,"loc":{"start":{"line":53,"column":98},"end":{"line":55,"column":48}},"locations":[{"start":{"line":53,"column":98},"end":{"line":55,"column":48}}]},"8":{"type":"branch","line":55,"loc":{"start":{"line":55,"column":48},"end":{"line":62,"column":2}},"locations":[{"start":{"line":55,"column":48},"end":{"line":62,"column":2}}]},"9":{"type":"branch","line":55,"loc":{"start":{"line":55,"column":17},"end":{"line":55,"column":45}},"locations":[{"start":{"line":55,"column":17},"end":{"line":55,"column":45}}]},"10":{"type":"branch","line":73,"loc":{"start":{"line":73,"column":22},"end":{"line":81,"column":2}},"locations":[{"start":{"line":73,"column":22},"end":{"line":81,"column":2}}]},"11":{"type":"branch","line":75,"loc":{"start":{"line":75,"column":31},"end":{"line":75,"column":99}},"locations":[{"start":{"line":75,"column":31},"end":{"line":75,"column":99}}]},"12":{"type":"branch","line":75,"loc":{"start":{"line":75,"column":98},"end":{"line":78,"column":13}},"locations":[{"start":{"line":75,"column":98},"end":{"line":78,"column":13}}]},"13":{"type":"branch","line":78,"loc":{"start":{"line":78,"column":13},"end":{"line":81,"column":2}},"locations":[{"start":{"line":78,"column":13},"end":{"line":81,"column":2}}]},"14":{"type":"branch","line":77,"loc":{"start":{"line":77,"column":26},"end":{"line":77,"column":81}},"locations":[{"start":{"line":77,"column":26},"end":{"line":77,"column":81}}]}},"b":{"0":[4],"1":[0],"2":[1],"3":[6],"4":[3],"5":[0],"6":[1],"7":[2],"8":[1],"9":[1],"10":[3],"11":[1],"12":[2],"13":[1],"14":[2]},"fnMap":{"0":{"name":"readUsers","decl":{"start":{"line":18,"column":0},"end":{"line":21,"column":1}},"loc":{"start":{"line":18,"column":0},"end":{"line":21,"column":1}},"line":18},"1":{"name":"writeUsers","decl":{"start":{"line":28,"column":0},"end":{"line":30,"column":1}},"loc":{"start":{"line":28,"column":0},"end":{"line":30,"column":1}},"line":28},"2":{"name":"isValidEmail","decl":{"start":{"line":37,"column":0},"end":{"line":39,"column":1}},"loc":{"start":{"line":37,"column":0},"end":{"line":39,"column":1}},"line":37}},"f":{"0":4,"1":1,"2":6}}
}
